Determining if the pthread_create exist failed with the following output:
Change Dir: /home/pi/ExampleCode/Cpp/asioTcpServer/build/CMakeFiles/CMakeTmp

Run Build Command:"/usr/bin/make" "cmTC_0691d/fast"
/usr/bin/make -f CMakeFiles/cmTC_0691d.dir/build.make CMakeFiles/cmTC_0691d.dir/build
make[1]: Entering directory '/home/pi/ExampleCode/Cpp/asioTcpServer/build/CMakeFiles/CMakeTmp'
Building C object CMakeFiles/cmTC_0691d.dir/CheckSymbolExists.c.o
/usr/bin/cc    -o CMakeFiles/cmTC_0691d.dir/CheckSymbolExists.c.o   -c /home/pi/ExampleCode/Cpp/asioTcpServer/build/CMakeFiles/CMakeTmp/CheckSymbolExists.c
Linking C executable cmTC_0691d
/usr/bin/cmake -E cmake_link_script CMakeFiles/cmTC_0691d.dir/link.txt --verbose=1
/usr/bin/cc      -rdynamic CMakeFiles/cmTC_0691d.dir/CheckSymbolExists.c.o  -o cmTC_0691d 
/usr/bin/ld: CMakeFiles/cmTC_0691d.dir/CheckSymbolExists.c.o: in function `main':
CheckSymbolExists.c:(.text+0x38): undefined reference to `pthread_create'
collect2: error: ld returned 1 exit status
make[1]: *** [CMakeFiles/cmTC_0691d.dir/build.make:87: cmTC_0691d] Error 1
make[1]: Leaving directory '/home/pi/ExampleCode/Cpp/asioTcpServer/build/CMakeFiles/CMakeTmp'
make: *** [Makefile:121: cmTC_0691d/fast] Error 2

File /home/pi/ExampleCode/Cpp/asioTcpServer/build/CMakeFiles/CMakeTmp/CheckSymbolExists.c:
/* */
#include <pthread.h>

int main(int argc, char** argv)
{
  (void)argv;
#ifndef pthread_create
  return ((int*)(&pthread_create))[argc];
#else
  (void)argc;
  return 0;
#endif
}

Determining if the function pthread_create exists in the pthreads failed with the following output:
Change Dir: /home/pi/ExampleCode/Cpp/asioTcpServer/build/CMakeFiles/CMakeTmp

Run Build Command:"/usr/bin/make" "cmTC_e3edd/fast"
/usr/bin/make -f CMakeFiles/cmTC_e3edd.dir/build.make CMakeFiles/cmTC_e3edd.dir/build
make[1]: Entering directory '/home/pi/ExampleCode/Cpp/asioTcpServer/build/CMakeFiles/CMakeTmp'
Building C object CMakeFiles/cmTC_e3edd.dir/CheckFunctionExists.c.o
/usr/bin/cc   -DCHECK_FUNCTION_EXISTS=pthread_create   -o CMakeFiles/cmTC_e3edd.dir/CheckFunctionExists.c.o   -c /usr/share/cmake-3.13/Modules/CheckFunctionExists.c
Linking C executable cmTC_e3edd
/usr/bin/cmake -E cmake_link_script CMakeFiles/cmTC_e3edd.dir/link.txt --verbose=1
/usr/bin/cc  -DCHECK_FUNCTION_EXISTS=pthread_create    -rdynamic CMakeFiles/cmTC_e3edd.dir/CheckFunctionExists.c.o  -o cmTC_e3edd -lpthreads 
/usr/bin/ld: cannot find -lpthreads
collect2: error: ld returned 1 exit status
make[1]: *** [CMakeFiles/cmTC_e3edd.dir/build.make:87: cmTC_e3edd] Error 1
make[1]: Leaving directory '/home/pi/ExampleCode/Cpp/asioTcpServer/build/CMakeFiles/CMakeTmp'
make: *** [Makefile:121: cmTC_e3edd/fast] Error 2


